<?xml version="1.0" encoding="UTF-8"?>
<!-- Generated by org.testng.reporters.JUnitReportReporter -->
<testsuite hostname="DESKTOP-CBAH624" failures="0" tests="1" name="DashBoardTest" time="24.206" errors="0" timestamp="2024-11-15T22:28:47 IST" skipped="0">
  <testcase classname="DashBoardTest" name="panelListCheck" time="24.206"/>
</testsuite> <!-- DashBoardTest -->
