<?xml version="1.0" encoding="UTF-8"?>
<!-- Generated by org.testng.reporters.JUnitReportReporter -->
<testsuite hostname="DESKTOP-CBAH624" failures="0" tests="1" name="com.OrangeHRM.TestCases.DashBoardTest" time="19.232" errors="0" timestamp="20 Nov 2024 15:59:25 GMT" skipped="0">
  <testcase classname="com.OrangeHRM.TestCases.DashBoardTest" name="panelListCheck" time="19.232"/>
</testsuite> <!-- com.OrangeHRM.TestCases.DashBoardTest -->
