<?xml version="1.0" encoding="UTF-8"?>
<!-- Generated by org.testng.reporters.JUnitReportReporter -->
<testsuite hostname="DESKTOP-CBAH624" failures="0" tests="1" name="com.OrangeHRM.Base.TestBase" time="26.153" errors="0" timestamp="2024-11-13T21:56:15 IST" skipped="0">
  <testcase classname="com.OrangeHRM.Base.TestBase" name="Test" time="26.153"/>
</testsuite> <!-- com.OrangeHRM.Base.TestBase -->
