<?xml version="1.0" encoding="UTF-8"?>
<!-- Generated by org.testng.reporters.JUnitReportReporter -->
<testsuite hostname="DESKTOP-CBAH624" failures="0" tests="1" name="com.OrangeHRM.TestCases.RecuritmentPageTest" time="25.687" errors="0" timestamp="20 Nov 2024 13:42:46 GMT" skipped="0">
  <testcase classname="com.OrangeHRM.TestCases.RecuritmentPageTest" name="JobTitleRecuritment" time="25.687"/>
</testsuite> <!-- com.OrangeHRM.TestCases.RecuritmentPageTest -->
